<?xml version="1.0" encoding="UTF-8"?>
<!-- Generated by org.testng.reporters.JUnitXMLReporter -->
<testsuite hostname="DESKTOP-UERLTF0" ignored="0" name="Default test" tests="2" failures="0" timestamp="2022-03-26T03:52:06 IST" time="0.082" errors="0">
  <testcase name="@BeforeClass Start_Test_Session" time="-1.648246926448E9" classname="com.kaiahealth.automationtask.Tests.LoginTests">
    <failure type="org.testng.TestNGException" message="
Parameter &amp;apos;Mode&amp;apos; is required by BeforeClass on method Start_Test_Session but has not been marked @Optional or defined
in C:\Users\admin\AppData\Local\Temp\testng-eclipse--1093254908\testng-customsuite.xml">
      <![CDATA[org.testng.TestNGException: 
Parameter 'Mode' is required by BeforeClass on method Start_Test_Session but has not been marked @Optional or defined
in C:\Users\admin\AppData\Local\Temp\testng-eclipse--1093254908\testng-customsuite.xml
at org.testng.internal.Parameters.createParams(Parameters.java:270)
at org.testng.internal.Parameters.createParametersForMethod(Parameters.java:358)
at org.testng.internal.Parameters.createParameters(Parameters.java:700)
at org.testng.internal.Parameters.createConfigurationParameters(Parameters.java:168)
at org.testng.internal.ConfigInvoker.invokeConfigurations(ConfigInvoker.java:302)
at org.testng.internal.TestMethodWorker.invokeBeforeClassMethods(TestMethodWorker.java:176)
at org.testng.internal.TestMethodWorker.run(TestMethodWorker.java:122)
at java.util.ArrayList.forEach(ArrayList.java:1259)
at org.testng.TestRunner.privateRun(TestRunner.java:794)
at org.testng.TestRunner.run(TestRunner.java:596)
at org.testng.SuiteRunner.runTest(SuiteRunner.java:377)
at org.testng.SuiteRunner.runSequentially(SuiteRunner.java:371)
at org.testng.SuiteRunner.privateRun(SuiteRunner.java:332)
at org.testng.SuiteRunner.run(SuiteRunner.java:276)
at org.testng.SuiteRunnerWorker.runSuite(SuiteRunnerWorker.java:53)
at org.testng.SuiteRunnerWorker.run(SuiteRunnerWorker.java:96)
at org.testng.TestNG.runSuitesSequentially(TestNG.java:1212)
at org.testng.TestNG.runSuitesLocally(TestNG.java:1134)
at org.testng.TestNG.runSuites(TestNG.java:1063)
at org.testng.TestNG.run(TestNG.java:1031)
at org.testng.remote.AbstractRemoteTestNG.run(AbstractRemoteTestNG.java:115)
at org.testng.remote.RemoteTestNG.initAndRun(RemoteTestNG.java:251)
at org.testng.remote.RemoteTestNG.main(RemoteTestNG.java:77)
]]>
    </failure>
  </testcase> <!-- @BeforeClass Start_Test_Session -->
  <testcase name="@BeforeMethod handleTestMethodName" time="-1.648246926479E9" classname="com.kaiahealth.automationtask.Tests.LoginTests">
    <skipped/>
  </testcase> <!-- @BeforeMethod handleTestMethodName -->
  <testcase name="Test01_Navigate_To_LoginForm" time="0.0" classname="com.kaiahealth.automationtask.Tests.LoginTests">
    <skipped/>
  </testcase> <!-- Test01_Navigate_To_LoginForm -->
  <testcase name="Test02_Login_With_ValidUser" time="0.0" classname="com.kaiahealth.automationtask.Tests.LoginTests">
    <skipped/>
  </testcase> <!-- Test02_Login_With_ValidUser -->
</testsuite> <!-- Default test -->
